<?xml version="1.0" encoding="UTF-8"?>
<!-- Generated by org.testng.reporters.JUnitXMLReporter -->
<testsuite ignored="0" hostname="Chandu" failures="0" tests="3" name="Default test" time="4.367" errors="0" timestamp="2024-02-22T12:23:08 IST">
  <testcase classname="com.qa.sportyshoes.Tests.RegisterPageTest" name="test_click_registerLink" time="1.602"/>
  <testcase classname="com.qa.sportyshoes.Tests.RegisterPageTest" name="test_register_user" time="0.465"/>
  <testcase classname="com.qa.sportyshoes.Tests.RegisterPageTest" name="test_newUser_url" time="0.012"/>
</testsuite> <!-- Default test -->
