<?xml version="1.0" encoding="UTF-8"?>
<testng-results ignored="0" total="1" passed="1" failed="0" skipped="0">
  <reporter-output>
  </reporter-output>
  <suite started-at="2024-02-20T16:37:10 IST" name="Default suite" finished-at="2024-02-20T16:37:13 IST" duration-ms="2587">
    <groups>
    </groups>
    <test started-at="2024-02-20T16:37:10 IST" name="Default test" finished-at="2024-02-20T16:37:13 IST" duration-ms="2587">
      <class name="assignments.Assignment006">
        <test-method signature="assignment006()[pri:0, instance:assignments.Assignment006@67d48005]" started-at="2024-02-20T16:37:10 IST" name="assignment006" finished-at="2024-02-20T16:37:13 IST" duration-ms="2555" status="PASS">
          <reporter-output>
          </reporter-output>
        </test-method> <!-- assignment006 -->
      </class> <!-- assignments.Assignment006 -->
    </test> <!-- Default test -->
  </suite> <!-- Default suite -->
</testng-results>
