<?xml version="1.0" encoding="UTF-8"?>
<testng-results ignored="0" total="5" passed="5" failed="0" skipped="0">
  <reporter-output>
  </reporter-output>
  <suite started-at="2024-02-01T17:07:54 IST" name="Phase2EndProjectPart2" finished-at="2024-02-01T17:08:08 IST" duration-ms="14771">
    <groups>
    </groups>
    <test started-at="2024-02-01T17:07:54 IST" name="starhealth001" finished-at="2024-02-01T17:08:03 IST" duration-ms="9060">
      <class name="starHealthScenario2.StarHealthTest">
        <test-method is-config="true" signature="openBrowser()[pri:0, instance:starHealthScenario2.StarHealthTest@278f8425]" started-at="2024-02-01T17:07:54 IST" name="openBrowser" finished-at="2024-02-01T17:07:56 IST" duration-ms="2347" status="PASS">
          <reporter-output>
          </reporter-output>
        </test-method> <!-- openBrowser -->
        <test-method signature="validateAltValueofLogo()[pri:1, instance:starHealthScenario2.StarHealthTest@278f8425]" started-at="2024-02-01T17:07:56 IST" name="validateAltValueofLogo" finished-at="2024-02-01T17:07:56 IST" duration-ms="72" status="PASS">
          <reporter-output>
          </reporter-output>
        </test-method> <!-- validateAltValueofLogo -->
        <test-method signature="clickOnMyFamily()[pri:2, instance:starHealthScenario2.StarHealthTest@278f8425]" started-at="2024-02-01T17:07:56 IST" name="clickOnMyFamily" finished-at="2024-02-01T17:07:59 IST" duration-ms="2589" status="PASS">
          <reporter-output>
          </reporter-output>
        </test-method> <!-- clickOnMyFamily -->
        <test-method signature="enter_user_details(java.lang.String,java.lang.String,java.lang.String)[pri:3, instance:starHealthScenario2.StarHealthTest@278f8425]" started-at="2024-02-01T17:07:59 IST" name="enter_user_details" finished-at="2024-02-01T17:07:59 IST" duration-ms="445" status="PASS">
          <params>
            <param index="0">
              <value>
                <![CDATA[admin]]>
              </value>
            </param>
            <param index="1">
              <value>
                <![CDATA[9090808090]]>
              </value>
            </param>
            <param index="2">
              <value>
                <![CDATA[500056]]>
              </value>
            </param>
          </params>
          <reporter-output>
          </reporter-output>
        </test-method> <!-- enter_user_details -->
        <test-method is-config="true" signature="closeBrowser()[pri:0, instance:starHealthScenario2.StarHealthTest@278f8425]" started-at="2024-02-01T17:08:01 IST" name="closeBrowser" finished-at="2024-02-01T17:08:03 IST" duration-ms="1651" status="PASS">
          <reporter-output>
          </reporter-output>
        </test-method> <!-- closeBrowser -->
      </class> <!-- starHealthScenario2.StarHealthTest -->
    </test> <!-- starhealth001 -->
    <test started-at="2024-02-01T17:08:03 IST" name="starhealth002" finished-at="2024-02-01T17:08:08 IST" duration-ms="5684">
      <class name="starHealthScenario2.StarHealthLinkTest">
        <test-method is-config="true" signature="startBrowser()[pri:0, instance:starHealthScenario2.StarHealthLinkTest@4aac85fa]" started-at="2024-02-01T17:08:03 IST" name="startBrowser" finished-at="2024-02-01T17:08:06 IST" duration-ms="3688" status="PASS">
          <reporter-output>
          </reporter-output>
        </test-method> <!-- startBrowser -->
        <test-method signature="click_onPlans()[pri:49, instance:starHealthScenario2.StarHealthLinkTest@4aac85fa]" started-at="2024-02-01T17:08:06 IST" name="click_onPlans" finished-at="2024-02-01T17:08:08 IST" duration-ms="1810" status="PASS">
          <reporter-output>
          </reporter-output>
        </test-method> <!-- click_onPlans -->
        <test-method signature="click_on_option()[pri:50, instance:starHealthScenario2.StarHealthLinkTest@4aac85fa]" started-at="2024-02-01T17:08:08 IST" name="click_on_option" finished-at="2024-02-01T17:08:08 IST" duration-ms="175" status="PASS">
          <reporter-output>
          </reporter-output>
        </test-method> <!-- click_on_option -->
      </class> <!-- starHealthScenario2.StarHealthLinkTest -->
    </test> <!-- starhealth002 -->
  </suite> <!-- Phase2EndProjectPart2 -->
</testng-results>
