<?xml version="1.0" encoding="UTF-8"?>
<!-- Generated by org.testng.reporters.JUnitXMLReporter -->
<testsuite ignored="16" hostname="Chandu" failures="0" tests="18" name="Project1" time="39.095" errors="0" timestamp="2024-01-17T19:41:30 IST">
  <testcase classname="com.ninjas.qa.tests.TestHomePage" name="test_homepagegettitle" time="0.013"/>
  <testcase classname="com.ninjas.qa.tests.TestHomePage" name="test_ClickonMyAccount" time="0.071"/>
  <testcase classname="com.ninjas.qa.tests.TestHomePage" name="test_ClickonLogin" time="0.186"/>
  <testcase classname="com.ninjas.qa.tests.TestHomePage" name="test_ClickonRegister" time="1.384"/>
  <testcase classname="com.ninjas.qa.tests.TestHomePage" name="test_ClickonWishlist" time="0.263"/>
  <testcase classname="com.ninjas.qa.tests.TestHomePage" name="test_ClickonShoppingcart" time="0.184"/>
  <testcase classname="com.ninjas.qa.tests.TestLoginPage" name="test_login" time="1.914"/>
  <testcase classname="com.ninjas.qa.tests.TestSearchPage" name="test_searchProduct" time="0.29"/>
  <testcase classname="com.ninjas.qa.tests.TestProductPage" name="addproducttoCartTest" time="4.294"/>
  <testcase classname="com.ninjas.qa.tests.TestRegisterPage" name="register_user" time="2.068"/>
  <testcase classname="com.ninjas.qa.tests.TestRegisterPage" name="register_user" time="1.997"/>
  <testcase classname="com.ninjas.qa.tests.TestRegisterPage" name="register_user" time="2.049"/>
  <testcase classname="com.ninjas.qa.tests.TestRegisterPage" name="register_user" time="2.164"/>
  <testcase classname="com.ninjas.qa.tests.TestRegisterPage" name="register_user" time="2.18"/>
  <testcase classname="com.ninjas.qa.tests.TestRegisterPage" name="register_user" time="2.239"/>
  <testcase classname="com.ninjas.qa.tests.TestRegisterPage" name="register_user" time="2.181"/>
  <testcase classname="com.ninjas.qa.tests.TestRegisterPage" name="register_user" time="2.158"/>
  <testcase classname="com.ninjas.qa.tests.TestRegisterPage" name="register_user" time="2.134"/>
  <testcase classname="com.ninjas.qa.base.BaseClass" name="@AfterTest closeBrowser" time="0.0">
    <ignored/>
  </testcase> <!-- @AfterTest closeBrowser -->
  <testcase classname="com.ninjas.qa.base.BaseClass" name="@AfterTest closeBrowser" time="0.0">
    <ignored/>
  </testcase> <!-- @AfterTest closeBrowser -->
  <testcase classname="com.ninjas.qa.base.BaseClass" name="@BeforeSuite InitializeExtentReport" time="0.0">
    <ignored/>
  </testcase> <!-- @BeforeSuite InitializeExtentReport -->
  <testcase classname="com.ninjas.qa.base.BaseClass" name="@BeforeTest getNameMethod" time="0.0">
    <ignored/>
  </testcase> <!-- @BeforeTest getNameMethod -->
  <testcase classname="com.ninjas.qa.base.BaseClass" name="@BeforeSuite InitializeExtentReport" time="0.0">
    <ignored/>
  </testcase> <!-- @BeforeSuite InitializeExtentReport -->
  <testcase classname="com.ninjas.qa.base.BaseClass" name="@BeforeSuite InitializeExtentReport" time="0.0">
    <ignored/>
  </testcase> <!-- @BeforeSuite InitializeExtentReport -->
  <testcase classname="com.ninjas.qa.base.BaseClass" name="@AfterTest closeBrowser" time="0.0">
    <ignored/>
  </testcase> <!-- @AfterTest closeBrowser -->
  <testcase classname="com.ninjas.qa.base.BaseClass" name="@AfterSuite generateReports" time="0.0">
    <ignored/>
  </testcase> <!-- @AfterSuite generateReports -->
  <testcase classname="com.ninjas.qa.base.BaseClass" name="@AfterSuite generateReports" time="0.0">
    <ignored/>
  </testcase> <!-- @AfterSuite generateReports -->
  <testcase classname="com.ninjas.qa.base.BaseClass" name="@AfterSuite generateReports" time="0.0">
    <ignored/>
  </testcase> <!-- @AfterSuite generateReports -->
  <testcase classname="com.ninjas.qa.base.BaseClass" name="@BeforeTest getNameMethod" time="0.0">
    <ignored/>
  </testcase> <!-- @BeforeTest getNameMethod -->
  <testcase classname="com.ninjas.qa.base.BaseClass" name="@BeforeTest getNameMethod" time="0.0">
    <ignored/>
  </testcase> <!-- @BeforeTest getNameMethod -->
  <testcase classname="com.ninjas.qa.base.BaseClass" name="@BeforeTest getNameMethod" time="0.0">
    <ignored/>
  </testcase> <!-- @BeforeTest getNameMethod -->
  <testcase classname="com.ninjas.qa.base.BaseClass" name="@AfterTest closeBrowser" time="0.0">
    <ignored/>
  </testcase> <!-- @AfterTest closeBrowser -->
  <testcase classname="com.ninjas.qa.base.BaseClass" name="@BeforeSuite InitializeExtentReport" time="0.0">
    <ignored/>
  </testcase> <!-- @BeforeSuite InitializeExtentReport -->
  <testcase classname="com.ninjas.qa.base.BaseClass" name="@AfterSuite generateReports" time="0.0">
    <ignored/>
  </testcase> <!-- @AfterSuite generateReports -->
</testsuite> <!-- Project1 -->
