<?xml version="1.0" encoding="UTF-8"?>
<!-- Generated by org.testng.reporters.JUnitXMLReporter -->
<testsuite ignored="0" hostname="Chandu" failures="0" tests="7" name="ProductsPageTest" time="10.554" errors="0" timestamp="2024-02-22T12:25:02 IST">
  <testcase classname="com.qa.sportyshoes.Tests.ProductsPageTest" name="test_user_login" time="1.39"/>
  <testcase classname="com.qa.sportyshoes.Tests.ProductsPageTest" name="test_product_addtoCart" time="1.068"/>
  <testcase classname="com.qa.sportyshoes.Tests.ProductsPageTest" name="test_HomeBTN" time="1.168"/>
  <testcase classname="com.qa.sportyshoes.Tests.ProductsPageTest" name="test_CartBTN" time="1.089"/>
  <testcase classname="com.qa.sportyshoes.Tests.ProductsPageTest" name="test_placeorderBTN" time="1.071"/>
  <testcase classname="com.qa.sportyshoes.Tests.ProductsPageTest" name="test_orders" time="1.209"/>
  <testcase classname="com.qa.sportyshoes.Tests.ProductsPageTest" name="test_logout" time="1.098"/>
</testsuite> <!-- ProductsPageTest -->
