<?xml version="1.0" encoding="UTF-8"?>
<!-- Generated by org.testng.reporters.JUnitXMLReporter -->
<testsuite ignored="0" hostname="Chandu" failures="0" tests="3" name="Default test" time="0.048" errors="0" timestamp="2024-01-19T17:13:52 IST">
  <testcase classname="eccomerceApplication.TestProductDetails" name="findProductdetails" time="0.009"/>
  <testcase classname="eccomerceApplication.TestProductDetails" name="findproductdetailswithEmptyInput" time="0.002"/>
  <testcase classname="eccomerceApplication.TestProductDetails" name="invalidproductdetails" time="0.002"/>
</testsuite> <!-- Default test -->
