<?xml version="1.0" encoding="UTF-8"?>
<testsuite xmlns:xsi="http://www.w3.org/2001/XMLSchema-instance" xsi:noNamespaceSchemaLocation="https://maven.apache.org/surefire/maven-surefire-plugin/xsd/surefire-test-report.xsd" name="runner.AmazonRunner" time="16.891" tests="2" errors="1" skipped="0" failures="0">
  <properties>
[...]
</properties>
  <testcase name="Create account on Amazon" classname="Test lesson End project on Amazon Page" time="11.309"/>
  <testcase name="Add Mobile device to the Amazon Cart" classname="Test lesson End project on Amazon Page" time="5.157">
    <error message="no such element: Unable to locate element: {&quot;method&quot;:&quot;xpath&quot;,&quot;selector&quot;:&quot;//a[normalize-space()=&apos;Mobiles&apos;]&quot;}&#10;  (Session info: chrome=121.0.6167.86)&#10;For documentation on this error, please visit: https://www.selenium.dev/documentation/webdriver/troubleshooting/errors#no-such-element-exception&#10;Build info: version: &apos;4.11.0&apos;, revision: &apos;040bc5406b&apos;&#10;System info: os.name: &apos;Windows 11&apos;, os.arch: &apos;amd64&apos;, os.version: &apos;10.0&apos;, java.version: &apos;17.0.2&apos;&#10;Driver info: org.openqa.selenium.chrome.ChromeDriver&#10;Command: [138e716487c90a345ec11045c63ec6c5, findElement {using=xpath, value=//a[normalize-space()=&apos;Mobiles&apos;]}]&#10;Capabilities {acceptInsecureCerts: false, browserName: chrome, browserVersion: 121.0.6167.86, chrome: {chromedriverVersion: 121.0.6167.85 (3f98d690ad7e..., userDataDir: C:\Users\lenovo\AppData\Loc...}, fedcm:accounts: true, goog:chromeOptions: {debuggerAddress: localhost:64264}, networkConnectionEnabled: false, pageLoadStrategy: normal, platformName: windows, proxy: Proxy(), se:cdp: ws://localhost:64264/devtoo..., se:cdpVersion: 121.0.6167.86, setWindowRect: true, strictFileInteractability: false, timeouts: {implicit: 0, pageLoad: 300000, script: 30000}, unhandledPromptBehavior: dismiss and notify, webauthn:extension:credBlob: true, webauthn:extension:largeBlob: true, webauthn:extension:minPinLength: true, webauthn:extension:prf: true, webauthn:virtualAuthenticators: true}&#10;Session ID: 138e716487c90a345ec11045c63ec6c5" type="org.openqa.selenium.NoSuchElementException">org.openqa.selenium.NoSuchElementException: 
no such element: Unable to locate element: {"method":"xpath","selector":"//a[normalize-space()='Mobiles']"}
  (Session info: chrome=121.0.6167.86)
For documentation on this error, please visit: https://www.selenium.dev/documentation/webdriver/troubleshooting/errors#no-such-element-exception
Build info: version: '4.11.0', revision: '040bc5406b'
System info: os.name: 'Windows 11', os.arch: 'amd64', os.version: '10.0', java.version: '17.0.2'
Driver info: org.openqa.selenium.chrome.ChromeDriver
Command: [138e716487c90a345ec11045c63ec6c5, findElement {using=xpath, value=//a[normalize-space()='Mobiles']}]
Capabilities {acceptInsecureCerts: false, browserName: chrome, browserVersion: 121.0.6167.86, chrome: {chromedriverVersion: 121.0.6167.85 (3f98d690ad7e..., userDataDir: C:\Users\lenovo\AppData\Loc...}, fedcm:accounts: true, goog:chromeOptions: {debuggerAddress: localhost:64264}, networkConnectionEnabled: false, pageLoadStrategy: normal, platformName: windows, proxy: Proxy(), se:cdp: ws://localhost:64264/devtoo..., se:cdpVersion: 121.0.6167.86, setWindowRect: true, strictFileInteractability: false, timeouts: {implicit: 0, pageLoad: 300000, script: 30000}, unhandledPromptBehavior: dismiss and notify, webauthn:extension:credBlob: true, webauthn:extension:largeBlob: true, webauthn:extension:minPinLength: true, webauthn:extension:prf: true, webauthn:virtualAuthenticators: true}
Session ID: 138e716487c90a345ec11045c63ec6c5
</error>
    <system-out><![CDATA[
Scenario: Add Mobile device to the Amazon Cart        &amp#27;[90m# src/test/java/features/AmazonMobile.feature:9&amp#27;[0m
Amazon.in
  &amp#27;[32mGiven &amp#27;[0m&amp#27;[32mUser gets ttile of the main Page&amp#27;[0m              &amp#27;[90m# steps.AmazonTestPage.user_gets_ttile_of_the_main_page()&amp#27;[0m
  &amp#27;[31mThen &amp#27;[0m&amp#27;[31mUser clicks on link Mobiles&amp#27;[0m                    &amp#27;[90m# steps.AmazonTestPage.user_clicks_on_link_mobiles()&amp#27;[0m
      &amp#27;[31morg.openqa.selenium.NoSuchElementException: no such element: Unable to locate element: {"method":"xpath","selector":"//a[normalize-space()='Mobiles']"}
  (Session info: chrome=121.0.6167.86)
For documentation on this error, please visit: https://www.selenium.dev/documentation/webdriver/troubleshooting/errors#no-such-element-exception
Build info: version: '4.11.0', revision: '040bc5406b'
System info: os.name: 'Windows 11', os.arch: 'amd64', os.version: '10.0', java.version: '17.0.2'
Driver info: org.openqa.selenium.chrome.ChromeDriver
Command: [138e716487c90a345ec11045c63ec6c5, findElement {using=xpath, value=//a[normalize-space()='Mobiles']}]
Capabilities {acceptInsecureCerts: false, browserName: chrome, browserVersion: 121.0.6167.86, chrome: {chromedriverVersion: 121.0.6167.85 (3f98d690ad7e..., userDataDir: C:\Users\lenovo\AppData\Loc...}, fedcm:accounts: true, goog:chromeOptions: {debuggerAddress: localhost:64264}, networkConnectionEnabled: false, pageLoadStrategy: normal, platformName: windows, proxy: Proxy(), se:cdp: ws://localhost:64264/devtoo..., se:cdpVersion: 121.0.6167.86, setWindowRect: true, strictFileInteractability: false, timeouts: {implicit: 0, pageLoad: 300000, script: 30000}, unhandledPromptBehavior: dismiss and notify, webauthn:extension:credBlob: true, webauthn:extension:largeBlob: true, webauthn:extension:minPinLength: true, webauthn:extension:prf: true, webauthn:virtualAuthenticators: true}
Session ID: 138e716487c90a345ec11045c63ec6c5
	at java.base/jdk.internal.reflect.NativeConstructorAccessorImpl.newInstance0(Native Method)
	at java.base/jdk.internal.reflect.NativeConstructorAccessorImpl.newInstance(NativeConstructorAccessorImpl.java:77)
	at java.base/jdk.internal.reflect.DelegatingConstructorAccessorImpl.newInstance(DelegatingConstructorAccessorImpl.java:45)
	at java.base/java.lang.reflect.Constructor.newInstanceWithCaller(Constructor.java:499)
	at java.base/java.lang.reflect.Constructor.newInstance(Constructor.java:480)
	at org.openqa.selenium.remote.codec.w3c.W3CHttpResponseCodec.createException(W3CHttpResponseCodec.java:200)
	at org.openqa.selenium.remote.codec.w3c.W3CHttpResponseCodec.decode(W3CHttpResponseCodec.java:133)
	at org.openqa.selenium.remote.codec.w3c.W3CHttpResponseCodec.decode(W3CHttpResponseCodec.java:52)
	at org.openqa.selenium.remote.HttpCommandExecutor.execute(HttpCommandExecutor.java:191)
	at org.openqa.selenium.remote.service.DriverCommandExecutor.invokeExecute(DriverCommandExecutor.java:196)
	at org.openqa.selenium.remote.service.DriverCommandExecutor.execute(DriverCommandExecutor.java:171)
	at org.openqa.selenium.remote.RemoteWebDriver.execute(RemoteWebDriver.java:518)
	at org.openqa.selenium.remote.ElementLocation$ElementFinder$2.findElement(ElementLocation.java:165)
	at org.openqa.selenium.remote.ElementLocation.findElement(ElementLocation.java:59)
	at org.openqa.selenium.remote.RemoteWebDriver.findElement(RemoteWebDriver.java:355)
	at org.openqa.selenium.remote.RemoteWebDriver.findElement(RemoteWebDriver.java:349)
	at steps.AmazonTestPage.user_clicks_on_link_mobiles(AmazonTestPage.java:25)
	at âœ½.User clicks on link Mobiles(file:///F:/MphasisPractice%20Eclipse/CucumberPracticeProject/src/test/java/features/AmazonMobile.feature:11)
&amp#27;[0m
  &amp#27;[36mAnd &amp#27;[0m&amp#27;[36mUser navigates to Mobiles & accessories&amp#27;[0m         &amp#27;[90m# steps.AmazonTestPage.user_navigates_to_mobiles_accessories()&amp#27;[0m
  &amp#27;[36mAnd &amp#27;[0m&amp#27;[36mUser click on Apple product&amp#27;[0m                     &amp#27;[90m# steps.AmazonTestPage.user_click_on_apple_product()&amp#27;[0m
  &amp#27;[36mThen &amp#27;[0m&amp#27;[36mUser select the first apple product&amp#27;[0m            &amp#27;[90m# steps.AmazonTestPage.user_select_the_first_apple_product()&amp#27;[0m
  &amp#27;[36mAnd &amp#27;[0m&amp#27;[36mUser will switch to new window and get title&amp#27;[0m    &amp#27;[90m# steps.AmazonTestPage.user_will_switch_to_new_window_and_get_title()&amp#27;[0m
  &amp#27;[36mThen &amp#27;[0m&amp#27;[36muser click on Add to Cart&amp#27;[0m                      &amp#27;[90m# steps.AmazonTestPage.user_click_on_add_to_cart()&amp#27;[0m
  &amp#27;[36mThen &amp#27;[0m&amp#27;[36mUser refreshes the Page and click on Cart link&amp#27;[0m &amp#27;[90m# steps.AmazonTestPage.user_refreshes_the_page_and_click_on_cart_link()&amp#27;[0m
  &amp#27;[36mThen &amp#27;[0m&amp#27;[36mUser clicks on proceed to pay button&amp#27;[0m           &amp#27;[90m# steps.AmazonTestPage.user_clicks_on_proceed_to_pay_button()&amp#27;[0m
]]></system-out>
    <system-err><![CDATA[Jan 31, 2024 4:43:48 PM org.openqa.selenium.devtools.CdpVersionFinder findNearestMatch
WARNING: Unable to find CDP implementation matching 121
Jan 31, 2024 4:43:48 PM org.openqa.selenium.chromium.ChromiumDriver lambda$new$5
WARNING: Unable to find version of CDP to use for 121.0.6167.86. You may need to include a dependency on a specific version of the CDP using something similar to `org.seleniumhq.selenium:selenium-devtools-v86:4.11.0` where the version ("v86") matches the version of the chromium-based browser you're using and the version number of the artifact is the same as Selenium's.
]]></system-err>
  </testcase>
</testsuite>