<?xml version="1.0" encoding="UTF-8"?>
<testng-results ignored="0" total="7" passed="7" failed="0" skipped="0">
  <reporter-output>
  </reporter-output>
  <suite started-at="2024-02-22T12:24:51 IST" name="CapstoneProject" finished-at="2024-02-22T12:25:02 IST" duration-ms="10554">
    <groups>
    </groups>
    <test started-at="2024-02-22T12:24:51 IST" name="ProductsPageTest" finished-at="2024-02-22T12:25:02 IST" duration-ms="10554">
      <class name="com.qa.sportyshoes.Tests.ProductsPageTest">
        <test-method is-config="true" signature="start_browser()[pri:0, instance:com.qa.sportyshoes.Tests.ProductsPageTest@8297b3a]" started-at="2024-02-22T12:24:51 IST" name="start_browser" finished-at="2024-02-22T12:24:53 IST" duration-ms="2331" status="PASS">
          <reporter-output>
          </reporter-output>
        </test-method> <!-- start_browser -->
        <test-method signature="test_user_login()[pri:49, instance:com.qa.sportyshoes.Tests.ProductsPageTest@8297b3a]" started-at="2024-02-22T12:24:53 IST" name="test_user_login" finished-at="2024-02-22T12:24:55 IST" duration-ms="1390" status="PASS">
          <reporter-output>
          </reporter-output>
        </test-method> <!-- test_user_login -->
        <test-method signature="test_product_addtoCart()[pri:50, instance:com.qa.sportyshoes.Tests.ProductsPageTest@8297b3a]" started-at="2024-02-22T12:24:55 IST" name="test_product_addtoCart" finished-at="2024-02-22T12:24:56 IST" duration-ms="1068" status="PASS">
          <reporter-output>
          </reporter-output>
        </test-method> <!-- test_product_addtoCart -->
        <test-method signature="test_HomeBTN()[pri:51, instance:com.qa.sportyshoes.Tests.ProductsPageTest@8297b3a]" started-at="2024-02-22T12:24:56 IST" name="test_HomeBTN" finished-at="2024-02-22T12:24:57 IST" duration-ms="1168" status="PASS">
          <reporter-output>
          </reporter-output>
        </test-method> <!-- test_HomeBTN -->
        <test-method signature="test_CartBTN()[pri:52, instance:com.qa.sportyshoes.Tests.ProductsPageTest@8297b3a]" started-at="2024-02-22T12:24:57 IST" name="test_CartBTN" finished-at="2024-02-22T12:24:58 IST" duration-ms="1089" status="PASS">
          <reporter-output>
          </reporter-output>
        </test-method> <!-- test_CartBTN -->
        <test-method signature="test_placeorderBTN()[pri:53, instance:com.qa.sportyshoes.Tests.ProductsPageTest@8297b3a]" started-at="2024-02-22T12:24:58 IST" name="test_placeorderBTN" finished-at="2024-02-22T12:24:59 IST" duration-ms="1071" status="PASS">
          <reporter-output>
          </reporter-output>
        </test-method> <!-- test_placeorderBTN -->
        <test-method signature="test_orders()[pri:54, instance:com.qa.sportyshoes.Tests.ProductsPageTest@8297b3a]" started-at="2024-02-22T12:24:59 IST" name="test_orders" finished-at="2024-02-22T12:25:00 IST" duration-ms="1209" status="PASS">
          <reporter-output>
          </reporter-output>
        </test-method> <!-- test_orders -->
        <test-method signature="test_logout()[pri:55, instance:com.qa.sportyshoes.Tests.ProductsPageTest@8297b3a]" started-at="2024-02-22T12:25:00 IST" name="test_logout" finished-at="2024-02-22T12:25:01 IST" duration-ms="1098" status="PASS">
          <reporter-output>
          </reporter-output>
        </test-method> <!-- test_logout -->
        <test-method is-config="true" signature="tearDown()[pri:0, instance:com.qa.sportyshoes.Tests.ProductsPageTest@8297b3a]" started-at="2024-02-22T12:25:01 IST" name="tearDown" finished-at="2024-02-22T12:25:02 IST" duration-ms="82" status="PASS">
          <reporter-output>
          </reporter-output>
        </test-method> <!-- tearDown -->
      </class> <!-- com.qa.sportyshoes.Tests.ProductsPageTest -->
    </test> <!-- ProductsPageTest -->
  </suite> <!-- CapstoneProject -->
</testng-results>
