<?xml version="1.0" encoding="UTF-8"?>
<!-- Generated by org.testng.reporters.JUnitXMLReporter -->
<testsuite ignored="0" hostname="Chandu" failures="0" tests="3" name="starhealth001" time="9.06" errors="0" timestamp="2024-02-01T17:08:03 IST">
  <testcase classname="starHealthScenario2.StarHealthTest" name="validateAltValueofLogo" time="0.072"/>
  <testcase classname="starHealthScenario2.StarHealthTest" name="clickOnMyFamily" time="2.589"/>
  <testcase classname="starHealthScenario2.StarHealthTest" name="enter_user_details" time="0.445"/>
</testsuite> <!-- starhealth001 -->
