<?xml version="1.0" encoding="UTF-8"?>
<testng-results ignored="0" total="3" passed="3" failed="0" skipped="0">
  <reporter-output>
  </reporter-output>
  <suite started-at="2024-01-19T17:13:52 IST" name="Default suite" finished-at="2024-01-19T17:13:52 IST" duration-ms="48">
    <groups>
    </groups>
    <test started-at="2024-01-19T17:13:52 IST" name="Default test" finished-at="2024-01-19T17:13:52 IST" duration-ms="48">
      <class name="eccomerceApplication.TestProductDetails">
        <test-method signature="findProductdetails()[pri:0, instance:eccomerceApplication.TestProductDetails@2a7f1f10]" started-at="2024-01-19T17:13:52 IST" name="findProductdetails" finished-at="2024-01-19T17:13:52 IST" duration-ms="9" status="PASS">
          <reporter-output>
          </reporter-output>
        </test-method> <!-- findProductdetails -->
        <test-method signature="findproductdetailswithEmptyInput()[pri:0, instance:eccomerceApplication.TestProductDetails@2a7f1f10]" started-at="2024-01-19T17:13:52 IST" name="findproductdetailswithEmptyInput" finished-at="2024-01-19T17:13:52 IST" duration-ms="2" status="PASS">
          <reporter-output>
          </reporter-output>
        </test-method> <!-- findproductdetailswithEmptyInput -->
        <test-method signature="invalidproductdetails()[pri:0, instance:eccomerceApplication.TestProductDetails@2a7f1f10]" started-at="2024-01-19T17:13:52 IST" name="invalidproductdetails" finished-at="2024-01-19T17:13:52 IST" duration-ms="2" status="PASS">
          <reporter-output>
          </reporter-output>
        </test-method> <!-- invalidproductdetails -->
      </class> <!-- eccomerceApplication.TestProductDetails -->
    </test> <!-- Default test -->
  </suite> <!-- Default suite -->
</testng-results>
