<?xml version="1.0" encoding="UTF-8"?>
<testng-results ignored="0" total="1" passed="1" failed="0" skipped="0">
  <reporter-output>
  </reporter-output>
  <suite started-at="2024-01-19T17:15:09 IST" name="Default suite" finished-at="2024-01-19T17:15:20 IST" duration-ms="11097">
    <groups>
    </groups>
    <test started-at="2024-01-19T17:15:09 IST" name="Default test" finished-at="2024-01-19T17:15:20 IST" duration-ms="11097">
      <class name="eLearningProject.TestELearning">
        <test-method signature="testelearning()[pri:0, instance:eLearningProject.TestELearning@f78a47e]" started-at="2024-01-19T17:15:09 IST" name="testelearning" finished-at="2024-01-19T17:15:20 IST" duration-ms="11057" status="PASS">
          <reporter-output>
          </reporter-output>
        </test-method> <!-- testelearning -->
      </class> <!-- eLearningProject.TestELearning -->
    </test> <!-- Default test -->
  </suite> <!-- Default suite -->
</testng-results>
